2024-11-09 17:19:35 [http-nio-8080-exec-5] INFO  c.g.d.o.logging.LoggingAspect - Method call: getProducts with arguments: [Page request [number: 0, size 20, sort: name: ASC], name,asc]
2024-11-09 17:19:35 [http-nio-8080-exec-5] INFO  c.g.d.o.logging.LoggingAspect - Method call: getAllProducts with arguments: [Page request [number: 0, size 20, sort: name: ASC]]
2024-11-09 17:19:35 [http-nio-8080-exec-5] INFO  c.g.d.o.logging.LoggingAspect - Method call: findAll with arguments: [Page request [number: 0, size 20, sort: name: ASC]]
2024-11-09 17:19:35 [http-nio-8080-exec-5] INFO  c.g.d.o.logging.LoggingAspect - Method findAll completed successfully, with result: Page 1 of 2 containing com.gmail.deniska1406sme.onlinestore.model.Product instances
2024-11-09 17:19:35 [http-nio-8080-exec-5] INFO  c.g.d.o.logging.LoggingAspect - Method getAllProducts completed successfully, with result: Page 1 of 2 containing com.gmail.deniska1406sme.onlinestore.dto.ProductDTO instances
2024-11-09 17:19:35 [http-nio-8080-exec-5] INFO  c.g.d.o.logging.LoggingAspect - Method getProducts completed successfully, with result: <200 OK OK,Page 1 of 2 containing com.gmail.deniska1406sme.onlinestore.dto.ProductDTO instances,[]>
2024-11-09 17:19:35 [http-nio-8080-exec-3] INFO  c.g.d.o.logging.LoggingAspect - Method call: getCartCount with arguments: [*****, org.apache.catalina.session.StandardSessionFacade@5d0e4b17]
2024-11-09 17:19:35 [http-nio-8080-exec-3] INFO  c.g.d.o.logging.LoggingAspect - Method call: getClientByEmail with arguments: [emp1@gmail.com]
2024-11-09 17:19:35 [http-nio-8080-exec-3] INFO  c.g.d.o.logging.LoggingAspect - Method call: findByEmail with arguments: [emp1@gmail.com]
2024-11-09 17:19:35 [http-nio-8080-exec-3] INFO  c.g.d.o.logging.LoggingAspect - Method findByEmail completed successfully, with result: null
2024-11-09 17:19:35 [http-nio-8080-exec-3] INFO  c.g.d.o.logging.LoggingAspect - Method getClientByEmail completed successfully, with result: null
2024-11-09 17:19:35 [http-nio-8080-exec-3] INFO  c.g.d.o.logging.LoggingAspect - Method call: getCartItems with arguments: [null]
2024-11-09 17:19:35 [http-nio-8080-exec-3] INFO  c.g.d.o.logging.LoggingAspect - Method getCartItems completed successfully, with result: []
2024-11-09 17:19:35 [http-nio-8080-exec-3] INFO  c.g.d.o.logging.LoggingAspect - Method getCartCount completed successfully, with result: <200 OK OK,{count=0},[]>
2024-11-09 17:19:35 [http-nio-8080-exec-2] INFO  c.g.d.o.logging.LoggingAspect - Method call: getCartCount with arguments: [*****, org.apache.catalina.session.StandardSessionFacade@5d0e4b17]
2024-11-09 17:19:35 [http-nio-8080-exec-2] INFO  c.g.d.o.logging.LoggingAspect - Method call: getClientByEmail with arguments: [emp1@gmail.com]
2024-11-09 17:19:35 [http-nio-8080-exec-2] INFO  c.g.d.o.logging.LoggingAspect - Method call: findByEmail with arguments: [emp1@gmail.com]
2024-11-09 17:19:35 [http-nio-8080-exec-2] INFO  c.g.d.o.logging.LoggingAspect - Method findByEmail completed successfully, with result: null
2024-11-09 17:19:35 [http-nio-8080-exec-2] INFO  c.g.d.o.logging.LoggingAspect - Method getClientByEmail completed successfully, with result: null
2024-11-09 17:19:35 [http-nio-8080-exec-2] INFO  c.g.d.o.logging.LoggingAspect - Method call: getCartItems with arguments: [null]
2024-11-09 17:19:35 [http-nio-8080-exec-2] INFO  c.g.d.o.logging.LoggingAspect - Method getCartItems completed successfully, with result: []
2024-11-09 17:19:35 [http-nio-8080-exec-2] INFO  c.g.d.o.logging.LoggingAspect - Method getCartCount completed successfully, with result: <200 OK OK,{count=0},[]>
2024-11-09 17:21:21 [http-nio-8080-exec-9] INFO  c.g.d.o.logging.LoggingAspect - Method call: getCartCount with arguments: [*****, org.apache.catalina.session.StandardSessionFacade@7659fc36]
2024-11-09 17:21:21 [http-nio-8080-exec-9] INFO  c.g.d.o.logging.LoggingAspect - Method call: getClientById with arguments: [null]
2024-11-09 17:21:21 [http-nio-8080-exec-9] INFO  c.g.d.o.logging.LoggingAspect - Method getClientById completed successfully, with result: null
2024-11-09 17:21:21 [http-nio-8080-exec-9] INFO  c.g.d.o.logging.LoggingAspect - Method call: getCartItems with arguments: [null]
2024-11-09 17:21:21 [http-nio-8080-exec-9] INFO  c.g.d.o.logging.LoggingAspect - Method getCartItems completed successfully, with result: []
2024-11-09 17:21:21 [http-nio-8080-exec-9] INFO  c.g.d.o.logging.LoggingAspect - Method getCartCount completed successfully, with result: <200 OK OK,{count=0},[]>
2024-11-09 17:21:21 [http-nio-8080-exec-8] INFO  c.g.d.o.logging.LoggingAspect - Method call: getCartCount with arguments: [*****, org.apache.catalina.session.StandardSessionFacade@7659fc36]
2024-11-09 17:21:21 [http-nio-8080-exec-8] INFO  c.g.d.o.logging.LoggingAspect - Method call: getClientById with arguments: [null]
2024-11-09 17:21:21 [http-nio-8080-exec-8] INFO  c.g.d.o.logging.LoggingAspect - Method getClientById completed successfully, with result: null
2024-11-09 17:21:21 [http-nio-8080-exec-8] INFO  c.g.d.o.logging.LoggingAspect - Method call: getCartItems with arguments: [null]
2024-11-09 17:21:21 [http-nio-8080-exec-8] INFO  c.g.d.o.logging.LoggingAspect - Method getCartItems completed successfully, with result: []
2024-11-09 17:21:21 [http-nio-8080-exec-8] INFO  c.g.d.o.logging.LoggingAspect - Method getCartCount completed successfully, with result: <200 OK OK,{count=0},[]>
2024-11-09 17:21:25 [SpringApplicationShutdownHook] INFO  o.s.o.j.LocalContainerEntityManagerFactoryBean - Closing JPA EntityManagerFactory for persistence unit 'default'
2024-11-09 17:21:25 [SpringApplicationShutdownHook] INFO  com.zaxxer.hikari.HikariDataSource - HikariPool-1 - Shutdown initiated...
2024-11-09 17:21:25 [SpringApplicationShutdownHook] INFO  com.zaxxer.hikari.HikariDataSource - HikariPool-1 - Shutdown completed.
